::1 - - [17/Jun/2024:12:48:39 +0300] "GET / HTTP/1.1" 200 231
::1 - - [17/Jun/2024:12:48:39 +0300] "GET /favicon.ico HTTP/1.1" 404 297
::1 - - [17/Jun/2024:12:51:10 +0300] "GET / HTTP/1.1" 200 231
::1 - - [17/Jun/2024:12:51:11 +0300] "GET / HTTP/1.1" 200 231
::1 - - [17/Jun/2024:13:18:27 +0300] "GET / HTTP/1.1" 200 231
::1 - - [17/Jun/2024:13:19:15 +0300] "GET / HTTP/1.1" 403 300
::1 - - [17/Jun/2024:13:19:29 +0300] "GET / HTTP/1.1" 403 300
::1 - - [17/Jun/2024:13:20:35 +0300] "GET / HTTP/1.1" 403 300
::1 - - [17/Jun/2024:13:22:09 +0300] "GET / HTTP/1.1" 403 300
::1 - - [17/Jun/2024:13:23:47 +0300] "GET /sss HTTP/1.1" 404 297
::1 - - [17/Jun/2024:13:23:56 +0300] "GET /home HTTP/1.1" 404 297
::1 - - [17/Jun/2024:13:28:23 +0300] "GET / HTTP/1.1" 403 300
::1 - - [17/Jun/2024:13:30:33 +0300] "GET / HTTP/1.1" 200 1212
::1 - - [17/Jun/2024:13:30:33 +0300] "GET /icons/blank.gif HTTP/1.1" 200 148
::1 - - [17/Jun/2024:13:30:33 +0300] "GET /icons/folder.gif HTTP/1.1" 200 225
::1 - - [17/Jun/2024:13:30:37 +0300] "GET /controllers/ HTTP/1.1" 200 1221
::1 - - [17/Jun/2024:13:30:37 +0300] "GET /icons/text.gif HTTP/1.1" 200 229
::1 - - [17/Jun/2024:13:30:37 +0300] "GET /icons/back.gif HTTP/1.1" 200 216
::1 - - [17/Jun/2024:13:30:41 +0300] "GET /views/ HTTP/1.1" 200 1188
::1 - - [17/Jun/2024:13:30:45 +0300] "GET /wwwroot/ HTTP/1.1" 200 1393
::1 - - [17/Jun/2024:13:30:47 +0300] "GET /views/ HTTP/1.1" 200 1188
::1 - - [17/Jun/2024:13:30:49 +0300] "GET /views/home/ HTTP/1.1" 200 323
::1 - - [17/Jun/2024:13:30:53 +0300] "GET /home/basics HTTP/1.1" 404 297
::1 - - [17/Jun/2024:13:30:55 +0300] "GET /home/intro HTTP/1.1" 404 297
::1 - - [17/Jun/2024:13:30:59 +0300] "GET /home/hmw1 HTTP/1.1" 404 297
::1 - - [17/Jun/2024:13:31:16 +0300] "GET /wwwroot/ HTTP/1.1" 200 1393
::1 - - [17/Jun/2024:13:31:18 +0300] "GET /wwwroot/img/ HTTP/1.1" 200 789
::1 - - [17/Jun/2024:13:31:19 +0300] "GET /wwwroot/ HTTP/1.1" 200 1393
::1 - - [17/Jun/2024:13:31:20 +0300] "GET / HTTP/1.1" 200 1212
::1 - - [17/Jun/2024:13:31:22 +0300] "GET /controllers/ HTTP/1.1" 200 1221
::1 - - [17/Jun/2024:13:31:27 +0300] "GET /controllers/controller_base.php HTTP/1.1" 200 -
::1 - - [17/Jun/2024:13:31:32 +0300] "GET /wwwroot/ HTTP/1.1" 200 1393
::1 - - [17/Jun/2024:13:31:36 +0300] "GET / HTTP/1.1" 200 1212
::1 - - [17/Jun/2024:13:31:37 +0300] "GET /views/ HTTP/1.1" 200 1188
::1 - - [17/Jun/2024:13:31:38 +0300] "GET /views/_shared/ HTTP/1.1" 200 1003
::1 - - [17/Jun/2024:13:31:39 +0300] "GET /views/_shared/_layout.php HTTP/1.1" 200 399
::1 - - [17/Jun/2024:13:31:47 +0300] "GET /views/ HTTP/1.1" 200 1188
::1 - - [17/Jun/2024:13:31:50 +0300] "GET /views/home/ HTTP/1.1" 200 323
::1 - - [17/Jun/2024:13:31:53 +0300] "GET /home/hmw1 HTTP/1.1" 404 297
::1 - - [17/Jun/2024:13:31:55 +0300] "GET /home/db HTTP/1.1" 404 297
::1 - - [17/Jun/2024:13:31:57 +0300] "GET /shop HTTP/1.1" 404 297
::1 - - [17/Jun/2024:13:31:58 +0300] "GET /home/intro HTTP/1.1" 404 297
::1 - - [17/Jun/2024:13:32:00 +0300] "GET /home/basics HTTP/1.1" 404 297
::1 - - [17/Jun/2024:13:32:21 +0300] "GET /views/home/ HTTP/1.1" 200 323
::1 - - [17/Jun/2024:13:32:23 +0300] "GET /home/intro HTTP/1.1" 404 297
::1 - - [17/Jun/2024:13:32:30 +0300] "GET / HTTP/1.1" 403 300
::1 - - [17/Jun/2024:13:35:45 +0300] "GET / HTTP/1.1" 200 2555
::1 - - [17/Jun/2024:13:35:46 +0300] "GET /css/site.css HTTP/1.1" 200 3
::1 - - [17/Jun/2024:13:35:46 +0300] "GET /img/php.png HTTP/1.1" 200 3
::1 - - [17/Jun/2024:13:35:46 +0300] "GET /js/site.js HTTP/1.1" 200 3
::1 - - [17/Jun/2024:13:58:15 +0300] "GET / HTTP/1.1" 403 300
::1 - - [17/Jun/2024:13:58:30 +0300] "GET / HTTP/1.1" 403 300
::1 - - [17/Jun/2024:13:59:12 +0300] "GET / HTTP/1.1" 403 300
::1 - - [17/Jun/2024:13:59:53 +0300] "GET / HTTP/1.1" 403 300
::1 - - [17/Jun/2024:14:00:00 +0300] "GET / HTTP/1.1" 403 300
::1 - - [17/Jun/2024:14:00:09 +0300] "GET / HTTP/1.1" 403 300
::1 - - [17/Jun/2024:14:00:34 +0300] "GET / HTTP/1.1" 403 300
::1 - - [17/Jun/2024:14:00:35 +0300] "GET / HTTP/1.1" 403 300
::1 - - [17/Jun/2024:14:00:36 +0300] "GET / HTTP/1.1" 403 300
::1 - - [17/Jun/2024:14:01:55 +0300] "GET / HTTP/1.1" 200 2550
::1 - - [17/Jun/2024:14:01:55 +0300] "GET /css/site.css HTTP/1.1" 200 855
::1 - - [17/Jun/2024:14:01:55 +0300] "GET /img/php.png HTTP/1.1" 200 3
::1 - - [17/Jun/2024:14:01:55 +0300] "GET /js/site.js HTTP/1.1" 200 3
::1 - - [17/Jun/2024:14:02:21 +0300] "GET / HTTP/1.1" 200 4204
::1 - - [17/Jun/2024:14:02:21 +0300] "GET /css/site.css HTTP/1.1" 200 855
::1 - - [17/Jun/2024:14:02:21 +0300] "GET /js/site.js HTTP/1.1" 200 3
::1 - - [17/Jun/2024:14:02:21 +0300] "GET /img/php.png HTTP/1.1" 200 3
::1 - - [17/Jun/2024:14:03:28 +0300] "GET / HTTP/1.1" 200 4213
::1 - - [17/Jun/2024:14:03:28 +0300] "GET /css/site.css HTTP/1.1" 200 855
::1 - - [17/Jun/2024:14:03:28 +0300] "GET /img/php.png HTTP/1.1" 200 3
::1 - - [17/Jun/2024:14:03:28 +0300] "GET /js/site.js HTTP/1.1" 200 3
::1 - - [17/Jun/2024:14:03:33 +0300] "GET /home/intro HTTP/1.1" 200 5357
::1 - - [17/Jun/2024:14:03:33 +0300] "GET /css/site.css HTTP/1.1" 200 855
::1 - - [17/Jun/2024:14:03:33 +0300] "GET /js/site.js HTTP/1.1" 200 3
::1 - - [17/Jun/2024:14:03:33 +0300] "GET /img/php.png HTTP/1.1" 200 3
::1 - - [17/Jun/2024:14:04:29 +0300] "GET / HTTP/1.1" 200 3958
::1 - - [17/Jun/2024:14:04:29 +0300] "GET /css/site.css HTTP/1.1" 200 855
::1 - - [17/Jun/2024:14:04:29 +0300] "GET /img/php.png HTTP/1.1" 200 3
::1 - - [17/Jun/2024:14:04:29 +0300] "GET /js/site.js HTTP/1.1" 200 3
::1 - - [17/Jun/2024:14:04:30 +0300] "GET /home/hmw1 HTTP/1.1" 200 4917
::1 - - [17/Jun/2024:14:04:30 +0300] "GET /css/site.css HTTP/1.1" 200 855
::1 - - [17/Jun/2024:14:04:30 +0300] "GET /styleCSS/styles.css HTTP/1.1" 200 3
::1 - - [17/Jun/2024:14:04:30 +0300] "GET /img/php.png HTTP/1.1" 200 3
::1 - - [17/Jun/2024:14:04:30 +0300] "GET /js/site.js HTTP/1.1" 200 3
::1 - - [18/Jun/2024:10:02:11 +0300] "GET /views/ HTTP/1.1" 200 3
::1 - - [18/Jun/2024:10:02:11 +0300] "GET /favicon.ico HTTP/1.1" 200 3
::1 - - [18/Jun/2024:10:02:17 +0300] "GET / HTTP/1.1" 200 3958
::1 - - [18/Jun/2024:10:02:17 +0300] "GET /js/site.js HTTP/1.1" 200 3
::1 - - [18/Jun/2024:10:02:17 +0300] "GET /img/php.png HTTP/1.1" 200 3
::1 - - [18/Jun/2024:10:02:17 +0300] "GET /css/site.css HTTP/1.1" 200 855
::1 - - [18/Jun/2024:10:02:17 +0300] "GET /favicon.ico HTTP/1.1" 200 3
::1 - - [18/Jun/2024:10:05:43 +0300] "GET / HTTP/1.1" 200 4137
::1 - - [18/Jun/2024:10:05:43 +0300] "GET /img/php.png HTTP/1.1" 200 3
::1 - - [18/Jun/2024:10:05:43 +0300] "GET /js/site.js HTTP/1.1" 200 3
::1 - - [18/Jun/2024:10:05:43 +0300] "GET /css/site.css HTTP/1.1" 200 794
::1 - - [18/Jun/2024:10:05:43 +0300] "GET /favicon.ico HTTP/1.1" 200 3
::1 - - [18/Jun/2024:10:08:14 +0300] "GET / HTTP/1.1" 200 4725
::1 - - [18/Jun/2024:10:08:14 +0300] "GET /css/site.css HTTP/1.1" 200 794
::1 - - [18/Jun/2024:10:08:14 +0300] "GET /img/php.png HTTP/1.1" 200 3
::1 - - [18/Jun/2024:10:08:14 +0300] "GET /js/site.js HTTP/1.1" 200 3
::1 - - [18/Jun/2024:10:08:14 +0300] "GET /favicon.ico HTTP/1.1" 200 3
::1 - - [18/Jun/2024:10:08:44 +0300] "GET / HTTP/1.1" 200 4725
::1 - - [18/Jun/2024:10:08:44 +0300] "GET /img/php.png HTTP/1.1" 200 3
::1 - - [18/Jun/2024:10:08:44 +0300] "GET /js/site.js HTTP/1.1" 200 3
::1 - - [18/Jun/2024:10:08:44 +0300] "GET /css/site.css HTTP/1.1" 200 872
::1 - - [18/Jun/2024:10:08:44 +0300] "GET /favicon.ico HTTP/1.1" 200 3
::1 - - [18/Jun/2024:10:11:47 +0300] "GET / HTTP/1.1" 200 4848
::1 - - [18/Jun/2024:10:11:47 +0300] "GET /css/site.css HTTP/1.1" 200 872
::1 - - [18/Jun/2024:10:11:47 +0300] "GET /img/php.png HTTP/1.1" 200 3
::1 - - [18/Jun/2024:10:11:47 +0300] "GET /js/site.js HTTP/1.1" 200 3
::1 - - [18/Jun/2024:10:11:47 +0300] "GET /favicon.ico HTTP/1.1" 200 3
::1 - - [18/Jun/2024:10:11:49 +0300] "GET / HTTP/1.1" 200 4848
::1 - - [18/Jun/2024:10:11:49 +0300] "GET /css/site.css HTTP/1.1" 200 872
::1 - - [18/Jun/2024:10:11:49 +0300] "GET /js/site.js HTTP/1.1" 200 3
::1 - - [18/Jun/2024:10:11:49 +0300] "GET /img/php.png HTTP/1.1" 200 3
::1 - - [18/Jun/2024:10:11:49 +0300] "GET /favicon.ico HTTP/1.1" 200 3
::1 - - [18/Jun/2024:10:12:06 +0300] "GET / HTTP/1.1" 200 4848
::1 - - [18/Jun/2024:10:12:06 +0300] "GET /img/php.png HTTP/1.1" 200 3
::1 - - [18/Jun/2024:10:12:06 +0300] "GET /js/site.js HTTP/1.1" 200 3
::1 - - [18/Jun/2024:10:12:06 +0300] "GET /css/site.css HTTP/1.1" 200 1009
::1 - - [18/Jun/2024:10:12:06 +0300] "GET /favicon.ico HTTP/1.1" 200 3
::1 - - [18/Jun/2024:10:13:49 +0300] "GET / HTTP/1.1" 200 4874
::1 - - [18/Jun/2024:10:13:49 +0300] "GET /css/site.css HTTP/1.1" 200 1009
::1 - - [18/Jun/2024:10:13:50 +0300] "GET /img/php.png HTTP/1.1" 200 3
::1 - - [18/Jun/2024:10:13:50 +0300] "GET /js/site.js HTTP/1.1" 200 3
::1 - - [18/Jun/2024:10:13:50 +0300] "GET /favicon.ico HTTP/1.1" 200 3
::1 - - [18/Jun/2024:10:14:04 +0300] "GET / HTTP/1.1" 200 4874
::1 - - [18/Jun/2024:10:14:04 +0300] "GET /js/site.js HTTP/1.1" 200 3
::1 - - [18/Jun/2024:10:14:04 +0300] "GET /img/php.png HTTP/1.1" 200 3
::1 - - [18/Jun/2024:10:14:04 +0300] "GET /css/site.css HTTP/1.1" 200 984
::1 - - [18/Jun/2024:10:14:04 +0300] "GET /favicon.ico HTTP/1.1" 200 3
::1 - - [18/Jun/2024:10:14:05 +0300] "GET / HTTP/1.1" 200 4874
::1 - - [18/Jun/2024:10:14:05 +0300] "GET /css/site.css HTTP/1.1" 200 984
::1 - - [18/Jun/2024:10:14:05 +0300] "GET /img/php.png HTTP/1.1" 200 3
::1 - - [18/Jun/2024:10:14:05 +0300] "GET /js/site.js HTTP/1.1" 200 3
::1 - - [18/Jun/2024:10:14:05 +0300] "GET /favicon.ico HTTP/1.1" 200 3
::1 - - [18/Jun/2024:10:14:06 +0300] "GET / HTTP/1.1" 200 4874
::1 - - [18/Jun/2024:10:14:06 +0300] "GET /css/site.css HTTP/1.1" 200 984
::1 - - [18/Jun/2024:10:14:06 +0300] "GET /js/site.js HTTP/1.1" 200 3
::1 - - [18/Jun/2024:10:14:06 +0300] "GET /img/php.png HTTP/1.1" 200 3
::1 - - [18/Jun/2024:10:14:06 +0300] "GET /favicon.ico HTTP/1.1" 200 3
::1 - - [18/Jun/2024:10:14:06 +0300] "GET / HTTP/1.1" 200 4874
::1 - - [18/Jun/2024:10:14:06 +0300] "GET /css/site.css HTTP/1.1" 200 984
::1 - - [18/Jun/2024:10:14:06 +0300] "GET /img/php.png HTTP/1.1" 200 3
::1 - - [18/Jun/2024:10:14:06 +0300] "GET /js/site.js HTTP/1.1" 200 3
::1 - - [18/Jun/2024:10:14:06 +0300] "GET /favicon.ico HTTP/1.1" 200 3
::1 - - [18/Jun/2024:10:14:06 +0300] "GET / HTTP/1.1" 200 4874
::1 - - [18/Jun/2024:10:14:06 +0300] "GET /css/site.css HTTP/1.1" 200 984
::1 - - [18/Jun/2024:10:14:06 +0300] "GET /js/site.js HTTP/1.1" 200 3
::1 - - [18/Jun/2024:10:14:06 +0300] "GET /img/php.png HTTP/1.1" 200 3
::1 - - [18/Jun/2024:10:14:06 +0300] "GET /favicon.ico HTTP/1.1" 200 3
::1 - - [18/Jun/2024:10:15:49 +0300] "GET / HTTP/1.1" 200 4860
::1 - - [18/Jun/2024:10:15:49 +0300] "GET /css/site.css HTTP/1.1" 200 984
::1 - - [18/Jun/2024:10:15:49 +0300] "GET /js/site.js HTTP/1.1" 200 3
::1 - - [18/Jun/2024:10:15:49 +0300] "GET /img/php.png HTTP/1.1" 200 3
::1 - - [18/Jun/2024:10:15:49 +0300] "GET /favicon.ico HTTP/1.1" 200 3
::1 - - [18/Jun/2024:10:16:21 +0300] "GET / HTTP/1.1" 200 4860
::1 - - [18/Jun/2024:10:16:21 +0300] "GET /img/php.png HTTP/1.1" 200 3
::1 - - [18/Jun/2024:10:16:21 +0300] "GET /js/site.js HTTP/1.1" 200 3
::1 - - [18/Jun/2024:10:16:21 +0300] "GET /css/site.css HTTP/1.1" 200 1134
::1 - - [18/Jun/2024:10:16:21 +0300] "GET /favicon.ico HTTP/1.1" 200 3
::1 - - [18/Jun/2024:10:16:22 +0300] "GET / HTTP/1.1" 200 4860
::1 - - [18/Jun/2024:10:16:22 +0300] "GET /css/site.css HTTP/1.1" 200 1134
::1 - - [18/Jun/2024:10:16:22 +0300] "GET /js/site.js HTTP/1.1" 200 3
::1 - - [18/Jun/2024:10:16:22 +0300] "GET /img/php.png HTTP/1.1" 200 3
::1 - - [18/Jun/2024:10:16:22 +0300] "GET /favicon.ico HTTP/1.1" 200 3
::1 - - [18/Jun/2024:10:16:22 +0300] "GET / HTTP/1.1" 200 4860
::1 - - [18/Jun/2024:10:16:22 +0300] "GET /css/site.css HTTP/1.1" 200 1134
::1 - - [18/Jun/2024:10:16:22 +0300] "GET /js/site.js HTTP/1.1" 200 3
::1 - - [18/Jun/2024:10:16:22 +0300] "GET /img/php.png HTTP/1.1" 200 3
::1 - - [18/Jun/2024:10:16:22 +0300] "GET /favicon.ico HTTP/1.1" 200 3
::1 - - [18/Jun/2024:10:16:22 +0300] "GET / HTTP/1.1" 200 4860
::1 - - [18/Jun/2024:10:16:22 +0300] "GET /css/site.css HTTP/1.1" 200 1134
::1 - - [18/Jun/2024:10:16:22 +0300] "GET /js/site.js HTTP/1.1" 200 3
::1 - - [18/Jun/2024:10:16:22 +0300] "GET /img/php.png HTTP/1.1" 200 3
::1 - - [18/Jun/2024:10:16:22 +0300] "GET /favicon.ico HTTP/1.1" 200 3
::1 - - [18/Jun/2024:10:16:22 +0300] "GET / HTTP/1.1" 200 4860
::1 - - [18/Jun/2024:10:16:22 +0300] "GET /css/site.css HTTP/1.1" 200 1134
::1 - - [18/Jun/2024:10:16:22 +0300] "GET /js/site.js HTTP/1.1" 200 3
::1 - - [18/Jun/2024:10:16:22 +0300] "GET /img/php.png HTTP/1.1" 200 3
::1 - - [18/Jun/2024:10:16:22 +0300] "GET /favicon.ico HTTP/1.1" 200 3
::1 - - [18/Jun/2024:10:16:23 +0300] "GET / HTTP/1.1" 200 4860
::1 - - [18/Jun/2024:10:16:23 +0300] "GET /css/site.css HTTP/1.1" 200 1134
::1 - - [18/Jun/2024:10:16:23 +0300] "GET /js/site.js HTTP/1.1" 200 3
::1 - - [18/Jun/2024:10:16:23 +0300] "GET /img/php.png HTTP/1.1" 200 3
::1 - - [18/Jun/2024:10:16:23 +0300] "GET /favicon.ico HTTP/1.1" 200 3
::1 - - [18/Jun/2024:10:17:21 +0300] "GET / HTTP/1.1" 200 4860
::1 - - [18/Jun/2024:10:17:21 +0300] "GET /img/php.png HTTP/1.1" 200 3
::1 - - [18/Jun/2024:10:17:21 +0300] "GET /js/site.js HTTP/1.1" 200 3
::1 - - [18/Jun/2024:10:17:21 +0300] "GET /css/site.css HTTP/1.1" 200 984
::1 - - [18/Jun/2024:10:17:21 +0300] "GET /favicon.ico HTTP/1.1" 200 3
::1 - - [18/Jun/2024:10:18:54 +0300] "GET / HTTP/1.1" 200 4848
::1 - - [18/Jun/2024:10:18:54 +0300] "GET /css/site.css HTTP/1.1" 200 984
::1 - - [18/Jun/2024:10:18:54 +0300] "GET /img/php.png HTTP/1.1" 200 3
::1 - - [18/Jun/2024:10:18:54 +0300] "GET /js/site.js HTTP/1.1" 200 3
::1 - - [18/Jun/2024:10:18:54 +0300] "GET /favicon.ico HTTP/1.1" 200 3
::1 - - [18/Jun/2024:10:19:32 +0300] "GET / HTTP/1.1" 200 4848
::1 - - [18/Jun/2024:10:19:32 +0300] "GET /js/site.js HTTP/1.1" 200 3
::1 - - [18/Jun/2024:10:19:32 +0300] "GET /img/php.png HTTP/1.1" 200 3
::1 - - [18/Jun/2024:10:19:32 +0300] "GET /css/site.css HTTP/1.1" 200 1139
::1 - - [18/Jun/2024:10:19:32 +0300] "GET /favicon.ico HTTP/1.1" 200 3
::1 - - [18/Jun/2024:10:21:43 +0300] "GET / HTTP/1.1" 200 4848
::1 - - [18/Jun/2024:10:21:43 +0300] "GET /img/php.png HTTP/1.1" 200 3
::1 - - [18/Jun/2024:10:21:43 +0300] "GET /js/site.js HTTP/1.1" 200 3
::1 - - [18/Jun/2024:10:21:43 +0300] "GET /css/site.css HTTP/1.1" 200 1384
::1 - - [18/Jun/2024:10:21:43 +0300] "GET /favicon.ico HTTP/1.1" 200 3
::1 - - [18/Jun/2024:10:22:31 +0300] "GET /favicon.ico HTTP/1.1" 200 3
::1 - - [18/Jun/2024:10:22:33 +0300] "GET /home/hmw1 HTTP/1.1" 200 5807
::1 - - [18/Jun/2024:10:22:33 +0300] "GET /css/site.css HTTP/1.1" 200 1384
::1 - - [18/Jun/2024:10:22:33 +0300] "GET /img/php.png HTTP/1.1" 200 3
::1 - - [18/Jun/2024:10:22:33 +0300] "GET /js/site.js HTTP/1.1" 200 3
::1 - - [18/Jun/2024:10:22:33 +0300] "GET /styleCSS/styles.css HTTP/1.1" 200 3
::1 - - [18/Jun/2024:10:22:33 +0300] "GET /favicon.ico HTTP/1.1" 200 3
::1 - - [18/Jun/2024:10:22:34 +0300] "GET /favicon.ico HTTP/1.1" 200 3
::1 - - [18/Jun/2024:10:25:25 +0300] "GET /home/hmw1 HTTP/1.1" 200 5858
::1 - - [18/Jun/2024:10:25:25 +0300] "GET /css/site.css HTTP/1.1" 200 1384
::1 - - [18/Jun/2024:10:25:25 +0300] "GET /img/php.png HTTP/1.1" 200 3
::1 - - [18/Jun/2024:10:25:25 +0300] "GET /styleCSS/styles.css HTTP/1.1" 200 3
::1 - - [18/Jun/2024:10:25:25 +0300] "GET /js/site.js HTTP/1.1" 200 3
::1 - - [18/Jun/2024:10:25:25 +0300] "GET /css/base.css HTTP/1.1" 200 1247
::1 - - [18/Jun/2024:10:25:25 +0300] "GET /favicon.ico HTTP/1.1" 200 3
::1 - - [18/Jun/2024:10:29:27 +0300] "GET /home/hmw1 HTTP/1.1" 200 5858
::1 - - [18/Jun/2024:10:29:27 +0300] "GET /css/site.css HTTP/1.1" 200 1384
::1 - - [18/Jun/2024:10:29:27 +0300] "GET /img/php.png HTTP/1.1" 200 3
::1 - - [18/Jun/2024:10:29:27 +0300] "GET /styleCSS/styles.css HTTP/1.1" 200 3
::1 - - [18/Jun/2024:10:29:27 +0300] "GET /js/site.js HTTP/1.1" 200 3
::1 - - [18/Jun/2024:10:29:27 +0300] "GET /css/base.css HTTP/1.1" 200 1465
::1 - - [18/Jun/2024:10:29:27 +0300] "GET /favicon.ico HTTP/1.1" 200 3
::1 - - [18/Jun/2024:10:31:19 +0300] "GET /home/hmw1 HTTP/1.1" 200 5858
::1 - - [18/Jun/2024:10:31:19 +0300] "GET /css/site.css HTTP/1.1" 200 1384
::1 - - [18/Jun/2024:10:31:19 +0300] "GET /css/base.css HTTP/1.1" 200 1465
::1 - - [18/Jun/2024:10:31:19 +0300] "GET /styleCSS/styles.css HTTP/1.1" 200 3
::1 - - [18/Jun/2024:10:31:19 +0300] "GET /img/php.png HTTP/1.1" 200 3
::1 - - [18/Jun/2024:10:31:19 +0300] "GET /js/site.js HTTP/1.1" 200 3
::1 - - [18/Jun/2024:10:31:19 +0300] "GET /favicon.ico HTTP/1.1" 200 3
::1 - - [18/Jun/2024:10:31:44 +0300] "GET /home/hmw1 HTTP/1.1" 200 5862
::1 - - [18/Jun/2024:10:31:44 +0300] "GET /css/site.css HTTP/1.1" 200 1384
::1 - - [18/Jun/2024:10:31:44 +0300] "GET /css/base.css HTTP/1.1" 200 1465
::1 - - [18/Jun/2024:10:31:44 +0300] "GET /styleCSS/styles.css HTTP/1.1" 200 3
::1 - - [18/Jun/2024:10:31:44 +0300] "GET /js/site.js HTTP/1.1" 200 3
::1 - - [18/Jun/2024:10:31:44 +0300] "GET /img/php.png HTTP/1.1" 200 3
::1 - - [18/Jun/2024:10:31:44 +0300] "GET /favicon.ico HTTP/1.1" 200 3
::1 - - [18/Jun/2024:10:33:39 +0300] "GET /home/hmw1 HTTP/1.1" 200 5862
::1 - - [18/Jun/2024:10:33:39 +0300] "GET /css/site.css HTTP/1.1" 200 1384
::1 - - [18/Jun/2024:10:33:39 +0300] "GET /styleCSS/styles.css HTTP/1.1" 200 3
::1 - - [18/Jun/2024:10:33:39 +0300] "GET /img/php.png HTTP/1.1" 200 3
::1 - - [18/Jun/2024:10:33:39 +0300] "GET /js/site.js HTTP/1.1" 200 3
::1 - - [18/Jun/2024:10:33:39 +0300] "GET /css/base.css HTTP/1.1" 200 1425
::1 - - [18/Jun/2024:10:33:39 +0300] "GET /favicon.ico HTTP/1.1" 200 3
::1 - - [18/Jun/2024:10:34:26 +0300] "GET /home/hmw1 HTTP/1.1" 200 5862
::1 - - [18/Jun/2024:10:34:26 +0300] "GET /css/site.css HTTP/1.1" 200 1384
::1 - - [18/Jun/2024:10:34:26 +0300] "GET /css/base.css HTTP/1.1" 200 1425
::1 - - [18/Jun/2024:10:34:26 +0300] "GET /js/site.js HTTP/1.1" 200 3
::1 - - [18/Jun/2024:10:34:26 +0300] "GET /styleCSS/styles.css HTTP/1.1" 200 3
::1 - - [18/Jun/2024:10:34:26 +0300] "GET /img/php.png HTTP/1.1" 200 3
::1 - - [18/Jun/2024:10:34:26 +0300] "GET /favicon.ico HTTP/1.1" 200 3
::1 - - [18/Jun/2024:10:34:27 +0300] "GET /home/hmw1 HTTP/1.1" 200 5862
::1 - - [18/Jun/2024:10:34:27 +0300] "GET /css/site.css HTTP/1.1" 200 1384
::1 - - [18/Jun/2024:10:34:27 +0300] "GET /css/base.css HTTP/1.1" 200 1425
::1 - - [18/Jun/2024:10:34:27 +0300] "GET /img/php.png HTTP/1.1" 200 3
::1 - - [18/Jun/2024:10:34:27 +0300] "GET /styleCSS/styles.css HTTP/1.1" 200 3
::1 - - [18/Jun/2024:10:34:27 +0300] "GET /js/site.js HTTP/1.1" 200 3
::1 - - [18/Jun/2024:10:34:27 +0300] "GET /favicon.ico HTTP/1.1" 200 3
::1 - - [18/Jun/2024:10:35:22 +0300] "GET / HTTP/1.1" 200 4903
::1 - - [18/Jun/2024:10:35:22 +0300] "GET /css/site.css HTTP/1.1" 200 1384
::1 - - [18/Jun/2024:10:35:22 +0300] "GET /css/base.css HTTP/1.1" 200 1425
::1 - - [18/Jun/2024:10:35:22 +0300] "GET /img/php.png HTTP/1.1" 200 3
::1 - - [18/Jun/2024:10:35:22 +0300] "GET /js/site.js HTTP/1.1" 200 3
::1 - - [18/Jun/2024:10:35:22 +0300] "GET /favicon.ico HTTP/1.1" 200 3
::1 - - [18/Jun/2024:10:36:39 +0300] "GET / HTTP/1.1" 200 4903
::1 - - [18/Jun/2024:10:36:39 +0300] "GET /css/site.css HTTP/1.1" 200 1384
::1 - - [18/Jun/2024:10:36:39 +0300] "GET /img/php.png HTTP/1.1" 200 3
::1 - - [18/Jun/2024:10:36:39 +0300] "GET /js/site.js HTTP/1.1" 200 3
::1 - - [18/Jun/2024:10:36:39 +0300] "GET /css/base.css HTTP/1.1" 200 2017
::1 - - [18/Jun/2024:10:36:39 +0300] "GET /favicon.ico HTTP/1.1" 200 3
::1 - - [18/Jun/2024:10:37:17 +0300] "GET / HTTP/1.1" 200 4873
::1 - - [18/Jun/2024:10:37:17 +0300] "GET /css/site.css HTTP/1.1" 200 1384
::1 - - [18/Jun/2024:10:37:17 +0300] "GET /img/php.png HTTP/1.1" 200 3
::1 - - [18/Jun/2024:10:37:17 +0300] "GET /js/site.js HTTP/1.1" 200 3
::1 - - [18/Jun/2024:10:37:17 +0300] "GET /css/base.css HTTP/1.1" 200 1425
::1 - - [18/Jun/2024:10:37:17 +0300] "GET /favicon.ico HTTP/1.1" 200 3
::1 - - [18/Jun/2024:10:39:15 +0300] "GET / HTTP/1.1" 200 4873
::1 - - [18/Jun/2024:10:39:15 +0300] "GET /css/site.css HTTP/1.1" 200 1384
::1 - - [18/Jun/2024:10:39:15 +0300] "GET /js/site.js HTTP/1.1" 200 3
::1 - - [18/Jun/2024:10:39:15 +0300] "GET /img/php.png HTTP/1.1" 200 3
::1 - - [18/Jun/2024:10:39:15 +0300] "GET /css/base.css HTTP/1.1" 200 2525
::1 - - [18/Jun/2024:10:39:15 +0300] "GET /favicon.ico HTTP/1.1" 200 3
::1 - - [18/Jun/2024:10:39:53 +0300] "GET / HTTP/1.1" 200 4873
::1 - - [18/Jun/2024:10:39:53 +0300] "GET /css/site.css HTTP/1.1" 200 1384
::1 - - [18/Jun/2024:10:39:53 +0300] "GET /css/base.css HTTP/1.1" 200 2525
::1 - - [18/Jun/2024:10:39:53 +0300] "GET /img/php.png HTTP/1.1" 200 3
::1 - - [18/Jun/2024:10:39:53 +0300] "GET /js/site.js HTTP/1.1" 200 3
::1 - - [18/Jun/2024:10:39:53 +0300] "GET /favicon.ico HTTP/1.1" 200 3
::1 - - [18/Jun/2024:10:40:57 +0300] "GET / HTTP/1.1" 200 4873
::1 - - [18/Jun/2024:10:40:57 +0300] "GET /css/site.css HTTP/1.1" 200 1384
::1 - - [18/Jun/2024:10:40:57 +0300] "GET /img/php.png HTTP/1.1" 200 3
::1 - - [18/Jun/2024:10:40:57 +0300] "GET /js/site.js HTTP/1.1" 200 3
::1 - - [18/Jun/2024:10:40:57 +0300] "GET /css/base.css HTTP/1.1" 200 2849
::1 - - [18/Jun/2024:10:40:57 +0300] "GET /favicon.ico HTTP/1.1" 200 3
::1 - - [18/Jun/2024:10:41:19 +0300] "GET / HTTP/1.1" 200 4873
::1 - - [18/Jun/2024:10:41:19 +0300] "GET /css/site.css HTTP/1.1" 200 1384
::1 - - [18/Jun/2024:10:41:19 +0300] "GET /img/php.png HTTP/1.1" 200 3
::1 - - [18/Jun/2024:10:41:19 +0300] "GET /js/site.js HTTP/1.1" 200 3
::1 - - [18/Jun/2024:10:41:19 +0300] "GET /css/base.css HTTP/1.1" 200 2525
::1 - - [18/Jun/2024:10:41:19 +0300] "GET /favicon.ico HTTP/1.1" 200 3
::1 - - [18/Jun/2024:10:41:40 +0300] "GET / HTTP/1.1" 200 4873
::1 - - [18/Jun/2024:10:41:40 +0300] "GET /css/site.css HTTP/1.1" 200 1384
::1 - - [18/Jun/2024:10:41:40 +0300] "GET /js/site.js HTTP/1.1" 200 3
::1 - - [18/Jun/2024:10:41:40 +0300] "GET /img/php.png HTTP/1.1" 200 3
::1 - - [18/Jun/2024:10:41:40 +0300] "GET /css/base.css HTTP/1.1" 200 2525
::1 - - [18/Jun/2024:10:41:40 +0300] "GET /favicon.ico HTTP/1.1" 200 3
::1 - - [18/Jun/2024:10:42:13 +0300] "GET / HTTP/1.1" 200 4873
::1 - - [18/Jun/2024:10:42:13 +0300] "GET /css/site.css HTTP/1.1" 200 1384
::1 - - [18/Jun/2024:10:42:13 +0300] "GET /js/site.js HTTP/1.1" 200 3
::1 - - [18/Jun/2024:10:42:13 +0300] "GET /img/php.png HTTP/1.1" 200 3
::1 - - [18/Jun/2024:10:42:13 +0300] "GET /css/base.css HTTP/1.1" 200 1425
::1 - - [18/Jun/2024:10:42:13 +0300] "GET /favicon.ico HTTP/1.1" 200 3
::1 - - [18/Jun/2024:10:42:24 +0300] "GET / HTTP/1.1" 200 4873
::1 - - [18/Jun/2024:10:42:24 +0300] "GET /css/site.css HTTP/1.1" 200 1384
::1 - - [18/Jun/2024:10:42:24 +0300] "GET /img/php.png HTTP/1.1" 200 3
::1 - - [18/Jun/2024:10:42:24 +0300] "GET /js/site.js HTTP/1.1" 200 3
::1 - - [18/Jun/2024:10:42:24 +0300] "GET /css/base.css HTTP/1.1" 200 2525
::1 - - [18/Jun/2024:10:42:24 +0300] "GET /favicon.ico HTTP/1.1" 200 3
::1 - - [18/Jun/2024:10:42:27 +0300] "GET /favicon.ico HTTP/1.1" 200 3
::1 - - [18/Jun/2024:10:43:58 +0300] "GET / HTTP/1.1" 200 4873
::1 - - [18/Jun/2024:10:43:58 +0300] "GET /css/site.css HTTP/1.1" 200 1384
::1 - - [18/Jun/2024:10:43:58 +0300] "GET /js/site.js HTTP/1.1" 200 3
::1 - - [18/Jun/2024:10:43:58 +0300] "GET /img/php.png HTTP/1.1" 200 3
::1 - - [18/Jun/2024:10:43:58 +0300] "GET /css/base.css HTTP/1.1" 200 2292
::1 - - [18/Jun/2024:10:43:58 +0300] "GET /favicon.ico HTTP/1.1" 200 3
::1 - - [18/Jun/2024:10:43:59 +0300] "GET / HTTP/1.1" 200 4873
::1 - - [18/Jun/2024:10:43:59 +0300] "GET /css/site.css HTTP/1.1" 200 1384
::1 - - [18/Jun/2024:10:43:59 +0300] "GET /img/php.png HTTP/1.1" 200 3
::1 - - [18/Jun/2024:10:43:59 +0300] "GET /js/site.js HTTP/1.1" 200 3
::1 - - [18/Jun/2024:10:43:59 +0300] "GET /css/base.css HTTP/1.1" 200 2292
::1 - - [18/Jun/2024:10:43:59 +0300] "GET /favicon.ico HTTP/1.1" 200 3
::1 - - [18/Jun/2024:10:43:59 +0300] "GET / HTTP/1.1" 200 4873
::1 - - [18/Jun/2024:10:43:59 +0300] "GET /css/site.css HTTP/1.1" 200 1384
::1 - - [18/Jun/2024:10:43:59 +0300] "GET /css/base.css HTTP/1.1" 200 2292
::1 - - [18/Jun/2024:10:43:59 +0300] "GET /img/php.png HTTP/1.1" 200 3
::1 - - [18/Jun/2024:10:43:59 +0300] "GET /js/site.js HTTP/1.1" 200 3
::1 - - [18/Jun/2024:10:43:59 +0300] "GET /favicon.ico HTTP/1.1" 200 3
::1 - - [18/Jun/2024:10:43:59 +0300] "GET / HTTP/1.1" 200 4873
::1 - - [18/Jun/2024:10:43:59 +0300] "GET /css/site.css HTTP/1.1" 200 1384
::1 - - [18/Jun/2024:10:43:59 +0300] "GET /css/base.css HTTP/1.1" 200 2292
::1 - - [18/Jun/2024:10:43:59 +0300] "GET /img/php.png HTTP/1.1" 200 3
::1 - - [18/Jun/2024:10:43:59 +0300] "GET /js/site.js HTTP/1.1" 200 3
::1 - - [18/Jun/2024:10:43:59 +0300] "GET /favicon.ico HTTP/1.1" 200 3
::1 - - [18/Jun/2024:10:43:59 +0300] "GET / HTTP/1.1" 200 4873
::1 - - [18/Jun/2024:10:43:59 +0300] "GET /css/site.css HTTP/1.1" 200 1384
::1 - - [18/Jun/2024:10:43:59 +0300] "GET /css/base.css HTTP/1.1" 200 2292
::1 - - [18/Jun/2024:10:43:59 +0300] "GET /img/php.png HTTP/1.1" 200 3
::1 - - [18/Jun/2024:10:43:59 +0300] "GET /js/site.js HTTP/1.1" 200 3
::1 - - [18/Jun/2024:10:43:59 +0300] "GET /favicon.ico HTTP/1.1" 200 3
::1 - - [18/Jun/2024:10:43:59 +0300] "GET / HTTP/1.1" 200 4873
::1 - - [18/Jun/2024:10:43:59 +0300] "GET /css/site.css HTTP/1.1" 200 1384
::1 - - [18/Jun/2024:10:43:59 +0300] "GET /css/base.css HTTP/1.1" 200 2292
::1 - - [18/Jun/2024:10:43:59 +0300] "GET /js/site.js HTTP/1.1" 200 3
::1 - - [18/Jun/2024:10:43:59 +0300] "GET /img/php.png HTTP/1.1" 200 3
::1 - - [18/Jun/2024:10:43:59 +0300] "GET /favicon.ico HTTP/1.1" 200 3
::1 - - [18/Jun/2024:10:44:00 +0300] "GET / HTTP/1.1" 200 4873
::1 - - [18/Jun/2024:10:44:00 +0300] "GET /css/site.css HTTP/1.1" 200 1384
::1 - - [18/Jun/2024:10:44:00 +0300] "GET /css/base.css HTTP/1.1" 200 2292
::1 - - [18/Jun/2024:10:44:00 +0300] "GET /img/php.png HTTP/1.1" 200 3
::1 - - [18/Jun/2024:10:44:00 +0300] "GET /js/site.js HTTP/1.1" 200 3
::1 - - [18/Jun/2024:10:44:00 +0300] "GET /favicon.ico HTTP/1.1" 200 3
::1 - - [18/Jun/2024:10:45:07 +0300] "GET / HTTP/1.1" 200 4873
::1 - - [18/Jun/2024:10:45:07 +0300] "GET /img/php.png HTTP/1.1" 200 3
::1 - - [18/Jun/2024:10:45:07 +0300] "GET /js/site.js HTTP/1.1" 200 3
::1 - - [18/Jun/2024:10:45:07 +0300] "GET /css/base.css HTTP/1.1" 200 2292
::1 - - [18/Jun/2024:10:45:07 +0300] "GET /css/site.css HTTP/1.1" 200 1918
::1 - - [18/Jun/2024:10:45:07 +0300] "GET /favicon.ico HTTP/1.1" 200 3
::1 - - [18/Jun/2024:10:45:36 +0300] "GET / HTTP/1.1" 200 4873
::1 - - [18/Jun/2024:10:45:36 +0300] "GET /css/site.css HTTP/1.1" 200 1918
::1 - - [18/Jun/2024:10:45:36 +0300] "GET /js/site.js HTTP/1.1" 200 3
::1 - - [18/Jun/2024:10:45:36 +0300] "GET /img/php.png HTTP/1.1" 200 3
::1 - - [18/Jun/2024:10:45:36 +0300] "GET /css/base.css HTTP/1.1" 200 1709
::1 - - [18/Jun/2024:10:45:36 +0300] "GET /favicon.ico HTTP/1.1" 200 3
::1 - - [18/Jun/2024:10:47:30 +0300] "GET / HTTP/1.1" 200 4894
::1 - - [18/Jun/2024:10:47:30 +0300] "GET /css/base.css HTTP/1.1" 200 1709
::1 - - [18/Jun/2024:10:47:30 +0300] "GET /img/php.png HTTP/1.1" 200 3
::1 - - [18/Jun/2024:10:47:30 +0300] "GET /js/site.js HTTP/1.1" 200 3
::1 - - [18/Jun/2024:10:47:30 +0300] "GET /css/site.css HTTP/1.1" 200 2776
::1 - - [18/Jun/2024:10:47:30 +0300] "GET /favicon.ico HTTP/1.1" 200 3
::1 - - [18/Jun/2024:11:38:32 +0300] "GET / HTTP/1.1" 200 4923
::1 - - [18/Jun/2024:11:38:32 +0300] "GET /img/php.png HTTP/1.1" 200 3
::1 - - [18/Jun/2024:11:38:32 +0300] "GET /js/site.js HTTP/1.1" 200 3
::1 - - [18/Jun/2024:11:38:32 +0300] "GET /css/site.css HTTP/1.1" 200 2776
::1 - - [18/Jun/2024:11:38:32 +0300] "GET /css/base.css HTTP/1.1" 200 1709
::1 - - [18/Jun/2024:11:38:32 +0300] "GET /favicon.ico HTTP/1.1" 200 3
::1 - - [18/Jun/2024:11:38:33 +0300] "GET /views/feedbacks/feedback.php HTTP/1.1" 200 3
::1 - - [18/Jun/2024:11:38:33 +0300] "GET /favicon.ico HTTP/1.1" 200 3
::1 - - [18/Jun/2024:11:40:44 +0300] "GET /views/feedbacks/feedback.php HTTP/1.1" 200 3
::1 - - [18/Jun/2024:11:40:44 +0300] "GET /favicon.ico HTTP/1.1" 200 3
::1 - - [18/Jun/2024:11:41:10 +0300] "GET /views/feedbacks/feedback.php HTTP/1.1" 200 3
::1 - - [18/Jun/2024:11:41:10 +0300] "GET /favicon.ico HTTP/1.1" 200 3
::1 - - [18/Jun/2024:11:41:11 +0300] "GET /views/feedbacks/feedback.php HTTP/1.1" 200 3
::1 - - [18/Jun/2024:11:41:11 +0300] "GET /favicon.ico HTTP/1.1" 200 3
::1 - - [18/Jun/2024:11:43:29 +0300] "GET /views/feedbacks/feedback.php HTTP/1.1" 200 3
::1 - - [18/Jun/2024:11:43:29 +0300] "GET /favicon.ico HTTP/1.1" 200 3
::1 - - [18/Jun/2024:11:43:30 +0300] "GET /favicon.ico HTTP/1.1" 200 3
::1 - - [18/Jun/2024:11:43:31 +0300] "GET /views/feedbacks/feedback.php HTTP/1.1" 200 3
::1 - - [18/Jun/2024:11:43:31 +0300] "GET /favicon.ico HTTP/1.1" 200 3
::1 - - [18/Jun/2024:11:43:33 +0300] "GET /favicon.ico HTTP/1.1" 200 3
::1 - - [18/Jun/2024:11:43:34 +0300] "GET /views/feedbacks/feedback.php HTTP/1.1" 200 3
::1 - - [18/Jun/2024:11:43:34 +0300] "GET /favicon.ico HTTP/1.1" 200 3
::1 - - [18/Jun/2024:11:44:55 +0300] "GET /views/feedbacks/feedback.php HTTP/1.1" 200 3
::1 - - [18/Jun/2024:11:44:55 +0300] "GET /favicon.ico HTTP/1.1" 200 3
::1 - - [18/Jun/2024:11:44:55 +0300] "GET /views/feedbacks/feedback.php HTTP/1.1" 200 3
::1 - - [18/Jun/2024:11:44:55 +0300] "GET /favicon.ico HTTP/1.1" 200 3
::1 - - [18/Jun/2024:11:44:55 +0300] "GET /views/feedbacks/feedback.php HTTP/1.1" 200 3
::1 - - [18/Jun/2024:11:44:55 +0300] "GET /favicon.ico HTTP/1.1" 200 3
::1 - - [18/Jun/2024:11:44:55 +0300] "GET /views/feedbacks/feedback.php HTTP/1.1" 200 3
::1 - - [18/Jun/2024:11:44:55 +0300] "GET /favicon.ico HTTP/1.1" 200 3
::1 - - [18/Jun/2024:11:44:56 +0300] "GET /views/feedbacks/feedback.php HTTP/1.1" 200 3
::1 - - [18/Jun/2024:11:44:56 +0300] "GET /favicon.ico HTTP/1.1" 200 3
::1 - - [18/Jun/2024:11:44:56 +0300] "GET /favicon.ico HTTP/1.1" 200 3
::1 - - [18/Jun/2024:11:44:58 +0300] "GET /favicon.ico HTTP/1.1" 200 3
::1 - - [18/Jun/2024:11:44:58 +0300] "GET / HTTP/1.1" 200 4916
::1 - - [18/Jun/2024:11:44:58 +0300] "GET /css/site.css HTTP/1.1" 200 2776
::1 - - [18/Jun/2024:11:44:58 +0300] "GET /css/base.css HTTP/1.1" 200 1709
::1 - - [18/Jun/2024:11:44:58 +0300] "GET /js/site.js HTTP/1.1" 200 3
::1 - - [18/Jun/2024:11:44:58 +0300] "GET /img/php.png HTTP/1.1" 200 3
::1 - - [18/Jun/2024:11:44:58 +0300] "GET /favicon.ico HTTP/1.1" 200 3
::1 - - [18/Jun/2024:11:45:02 +0300] "GET /views/feeds/feed.php HTTP/1.1" 200 3
::1 - - [18/Jun/2024:11:45:02 +0300] "GET /favicon.ico HTTP/1.1" 200 3
::1 - - [18/Jun/2024:11:47:11 +0300] "GET /favicon.ico HTTP/1.1" 200 3
::1 - - [18/Jun/2024:11:47:12 +0300] "GET /favicon.ico HTTP/1.1" 200 3
::1 - - [18/Jun/2024:11:47:14 +0300] "GET / HTTP/1.1" 200 4908
::1 - - [18/Jun/2024:11:47:14 +0300] "GET /css/site.css HTTP/1.1" 200 2776
::1 - - [18/Jun/2024:11:47:14 +0300] "GET /img/php.png HTTP/1.1" 200 3
::1 - - [18/Jun/2024:11:47:14 +0300] "GET /css/base.css HTTP/1.1" 200 1709
::1 - - [18/Jun/2024:11:47:14 +0300] "GET /js/site.js HTTP/1.1" 200 3
::1 - - [18/Jun/2024:11:47:14 +0300] "GET /favicon.ico HTTP/1.1" 200 3
::1 - - [18/Jun/2024:11:47:15 +0300] "GET /feeds/feed.php HTTP/1.1" 200 3
::1 - - [18/Jun/2024:11:47:15 +0300] "GET /favicon.ico HTTP/1.1" 200 3
::1 - - [18/Jun/2024:11:47:17 +0300] "GET /favicon.ico HTTP/1.1" 200 3
::1 - - [18/Jun/2024:11:47:19 +0300] "GET /feeds/feed.php HTTP/1.1" 200 3
::1 - - [18/Jun/2024:11:47:19 +0300] "GET /favicon.ico HTTP/1.1" 200 3
::1 - - [18/Jun/2024:11:51:55 +0300] "GET /favicon.ico HTTP/1.1" 200 3
::1 - - [18/Jun/2024:11:51:56 +0300] "GET / HTTP/1.1" 200 4908
::1 - - [18/Jun/2024:11:51:56 +0300] "GET /css/site.css HTTP/1.1" 200 2776
::1 - - [18/Jun/2024:11:51:56 +0300] "GET /css/base.css HTTP/1.1" 200 1709
::1 - - [18/Jun/2024:11:51:56 +0300] "GET /img/php.png HTTP/1.1" 200 3
::1 - - [18/Jun/2024:11:51:56 +0300] "GET /js/site.js HTTP/1.1" 200 3
::1 - - [18/Jun/2024:11:51:56 +0300] "GET /favicon.ico HTTP/1.1" 200 3
::1 - - [18/Jun/2024:11:51:56 +0300] "GET / HTTP/1.1" 200 4908
::1 - - [18/Jun/2024:11:51:56 +0300] "GET /css/site.css HTTP/1.1" 200 2776
::1 - - [18/Jun/2024:11:51:56 +0300] "GET /img/php.png HTTP/1.1" 200 3
::1 - - [18/Jun/2024:11:51:56 +0300] "GET /js/site.js HTTP/1.1" 200 3
::1 - - [18/Jun/2024:11:51:56 +0300] "GET /css/base.css HTTP/1.1" 200 1709
::1 - - [18/Jun/2024:11:51:56 +0300] "GET /favicon.ico HTTP/1.1" 200 3
::1 - - [18/Jun/2024:11:51:57 +0300] "GET / HTTP/1.1" 200 4908
::1 - - [18/Jun/2024:11:51:57 +0300] "GET /css/site.css HTTP/1.1" 200 2776
::1 - - [18/Jun/2024:11:51:57 +0300] "GET /css/base.css HTTP/1.1" 200 1709
::1 - - [18/Jun/2024:11:51:57 +0300] "GET /img/php.png HTTP/1.1" 200 3
::1 - - [18/Jun/2024:11:51:57 +0300] "GET /js/site.js HTTP/1.1" 200 3
::1 - - [18/Jun/2024:11:51:57 +0300] "GET /favicon.ico HTTP/1.1" 200 3
::1 - - [18/Jun/2024:11:51:58 +0300] "GET /feeds/feed.php HTTP/1.1" 200 3
::1 - - [18/Jun/2024:11:51:58 +0300] "GET /favicon.ico HTTP/1.1" 200 3
::1 - - [18/Jun/2024:11:56:14 +0300] "GET /favicon.ico HTTP/1.1" 200 3
::1 - - [18/Jun/2024:11:56:14 +0300] "GET /css/site.css HTTP/1.1" 200 2776
::1 - - [18/Jun/2024:11:56:14 +0300] "GET /css/base.css HTTP/1.1" 200 1709
::1 - - [18/Jun/2024:11:56:14 +0300] "GET / HTTP/1.1" 200 4922
::1 - - [18/Jun/2024:11:56:14 +0300] "GET /css/site.css HTTP/1.1" 200 2776
::1 - - [18/Jun/2024:11:56:14 +0300] "GET /css/base.css HTTP/1.1" 200 1709
::1 - - [18/Jun/2024:11:56:14 +0300] "GET /img/php.png HTTP/1.1" 200 3
::1 - - [18/Jun/2024:11:56:14 +0300] "GET /js/site.js HTTP/1.1" 200 3
::1 - - [18/Jun/2024:11:56:14 +0300] "GET /favicon.ico HTTP/1.1" 200 3
::1 - - [18/Jun/2024:11:56:16 +0300] "GET /views/feedbacks/feedback.php HTTP/1.1" 200 3
::1 - - [18/Jun/2024:11:56:16 +0300] "GET /favicon.ico HTTP/1.1" 200 3
::1 - - [18/Jun/2024:11:57:07 +0300] "GET /favicon.ico HTTP/1.1" 200 3
::1 - - [18/Jun/2024:11:57:07 +0300] "GET /css/site.css HTTP/1.1" 200 2776
::1 - - [18/Jun/2024:11:57:07 +0300] "GET /css/base.css HTTP/1.1" 200 1709
::1 - - [18/Jun/2024:11:57:07 +0300] "GET / HTTP/1.1" 200 4941
::1 - - [18/Jun/2024:11:57:07 +0300] "GET /css/site.css HTTP/1.1" 200 2776
::1 - - [18/Jun/2024:11:57:07 +0300] "GET /css/base.css HTTP/1.1" 200 1709
::1 - - [18/Jun/2024:11:57:07 +0300] "GET /js/site.js HTTP/1.1" 200 3
::1 - - [18/Jun/2024:11:57:07 +0300] "GET /img/php.png HTTP/1.1" 200 3
::1 - - [18/Jun/2024:11:57:08 +0300] "GET /favicon.ico HTTP/1.1" 200 3
::1 - - [18/Jun/2024:11:57:11 +0300] "GET /views/home/hmw1.php HTTP/1.1" 200 3
::1 - - [18/Jun/2024:11:57:11 +0300] "GET /favicon.ico HTTP/1.1" 200 3
::1 - - [18/Jun/2024:11:57:13 +0300] "GET /favicon.ico HTTP/1.1" 200 3
::1 - - [18/Jun/2024:11:57:13 +0300] "GET /css/site.css HTTP/1.1" 200 2776
::1 - - [18/Jun/2024:11:57:13 +0300] "GET /css/base.css HTTP/1.1" 200 1709
::1 - - [18/Jun/2024:11:57:38 +0300] "GET / HTTP/1.1" 200 4991
::1 - - [18/Jun/2024:11:57:38 +0300] "GET /css/site.css HTTP/1.1" 200 2776
::1 - - [18/Jun/2024:11:57:38 +0300] "GET /css/base.css HTTP/1.1" 200 1709
::1 - - [18/Jun/2024:11:57:38 +0300] "GET /img/php.png HTTP/1.1" 200 3
::1 - - [18/Jun/2024:11:57:38 +0300] "GET /js/site.js HTTP/1.1" 200 3
::1 - - [18/Jun/2024:11:57:38 +0300] "GET /favicon.ico HTTP/1.1" 200 3
::1 - - [18/Jun/2024:11:57:39 +0300] "GET /feeds/feed HTTP/1.1" 200 3
::1 - - [18/Jun/2024:11:57:39 +0300] "GET /favicon.ico HTTP/1.1" 200 3
::1 - - [18/Jun/2024:11:57:41 +0300] "GET /favicon.ico HTTP/1.1" 200 3
::1 - - [18/Jun/2024:11:57:41 +0300] "GET /css/site.css HTTP/1.1" 200 2776
::1 - - [18/Jun/2024:11:57:41 +0300] "GET /css/base.css HTTP/1.1" 200 1709
::1 - - [18/Jun/2024:11:57:41 +0300] "GET /home/hmw1 HTTP/1.1" 200 5900
::1 - - [18/Jun/2024:11:57:41 +0300] "GET /css/base.css HTTP/1.1" 200 1709
::1 - - [18/Jun/2024:11:57:41 +0300] "GET /css/site.css HTTP/1.1" 200 2776
::1 - - [18/Jun/2024:11:57:41 +0300] "GET /styleCSS/styles.css HTTP/1.1" 200 3
::1 - - [18/Jun/2024:11:57:41 +0300] "GET /img/php.png HTTP/1.1" 200 3
::1 - - [18/Jun/2024:11:57:41 +0300] "GET /js/site.js HTTP/1.1" 200 3
::1 - - [18/Jun/2024:11:57:42 +0300] "GET /favicon.ico HTTP/1.1" 200 3
::1 - - [18/Jun/2024:11:57:43 +0300] "GET /favicon.ico HTTP/1.1" 200 3
::1 - - [18/Jun/2024:11:57:44 +0300] "GET /feeds/feed HTTP/1.1" 200 3
::1 - - [18/Jun/2024:11:57:44 +0300] "GET /favicon.ico HTTP/1.1" 200 3
::1 - - [18/Jun/2024:11:57:44 +0300] "GET /favicon.ico HTTP/1.1" 200 3
::1 - - [18/Jun/2024:11:58:03 +0300] "GET /feeds/feed HTTP/1.1" 200 3
::1 - - [18/Jun/2024:11:58:03 +0300] "GET /favicon.ico HTTP/1.1" 200 3
::1 - - [18/Jun/2024:11:58:04 +0300] "GET /favicon.ico HTTP/1.1" 200 3
::1 - - [18/Jun/2024:11:58:05 +0300] "GET / HTTP/1.1" 200 4997
::1 - - [18/Jun/2024:11:58:05 +0300] "GET /css/site.css HTTP/1.1" 200 2776
::1 - - [18/Jun/2024:11:58:05 +0300] "GET /css/base.css HTTP/1.1" 200 1709
::1 - - [18/Jun/2024:11:58:05 +0300] "GET /img/php.png HTTP/1.1" 200 3
::1 - - [18/Jun/2024:11:58:05 +0300] "GET /js/site.js HTTP/1.1" 200 3
::1 - - [18/Jun/2024:11:58:05 +0300] "GET /favicon.ico HTTP/1.1" 200 3
::1 - - [18/Jun/2024:11:58:05 +0300] "GET / HTTP/1.1" 200 4997
::1 - - [18/Jun/2024:11:58:05 +0300] "GET /css/site.css HTTP/1.1" 200 2776
::1 - - [18/Jun/2024:11:58:05 +0300] "GET /css/base.css HTTP/1.1" 200 1709
::1 - - [18/Jun/2024:11:58:05 +0300] "GET /img/php.png HTTP/1.1" 200 3
::1 - - [18/Jun/2024:11:58:05 +0300] "GET /js/site.js HTTP/1.1" 200 3
::1 - - [18/Jun/2024:11:58:05 +0300] "GET /favicon.ico HTTP/1.1" 200 3
::1 - - [18/Jun/2024:11:58:06 +0300] "GET /views/feeds/feed HTTP/1.1" 200 3
::1 - - [18/Jun/2024:11:58:06 +0300] "GET /favicon.ico HTTP/1.1" 200 3
::1 - - [18/Jun/2024:11:58:24 +0300] "GET /views/feeds/feed HTTP/1.1" 200 3
::1 - - [18/Jun/2024:11:58:24 +0300] "GET /favicon.ico HTTP/1.1" 200 3
::1 - - [18/Jun/2024:11:58:25 +0300] "GET /favicon.ico HTTP/1.1" 200 3
::1 - - [18/Jun/2024:11:58:25 +0300] "GET /css/site.css HTTP/1.1" 200 2776
::1 - - [18/Jun/2024:11:58:25 +0300] "GET /css/base.css HTTP/1.1" 200 1709
::1 - - [18/Jun/2024:11:58:25 +0300] "GET / HTTP/1.1" 200 4998
::1 - - [18/Jun/2024:11:58:25 +0300] "GET /css/site.css HTTP/1.1" 200 2776
::1 - - [18/Jun/2024:11:58:25 +0300] "GET /css/base.css HTTP/1.1" 200 1709
::1 - - [18/Jun/2024:11:58:25 +0300] "GET /img/php.png HTTP/1.1" 200 3
::1 - - [18/Jun/2024:11:58:25 +0300] "GET /js/site.js HTTP/1.1" 200 3
::1 - - [18/Jun/2024:11:58:25 +0300] "GET /favicon.ico HTTP/1.1" 200 3
::1 - - [18/Jun/2024:11:58:25 +0300] "GET / HTTP/1.1" 200 4998
::1 - - [18/Jun/2024:11:58:25 +0300] "GET /css/site.css HTTP/1.1" 200 2776
::1 - - [18/Jun/2024:11:58:25 +0300] "GET /img/php.png HTTP/1.1" 200 3
::1 - - [18/Jun/2024:11:58:25 +0300] "GET /js/site.js HTTP/1.1" 200 3
::1 - - [18/Jun/2024:11:58:25 +0300] "GET /css/base.css HTTP/1.1" 200 1709
::1 - - [18/Jun/2024:11:58:25 +0300] "GET /favicon.ico HTTP/1.1" 200 3
::1 - - [18/Jun/2024:11:58:26 +0300] "GET /views/feeds/feed HTTP/1.1" 200 3
::1 - - [18/Jun/2024:11:58:26 +0300] "GET /favicon.ico HTTP/1.1" 200 3
::1 - - [18/Jun/2024:11:58:27 +0300] "GET /favicon.ico HTTP/1.1" 200 3
::1 - - [18/Jun/2024:11:58:27 +0300] "GET /css/base.css HTTP/1.1" 200 1709
::1 - - [18/Jun/2024:11:58:27 +0300] "GET /css/site.css HTTP/1.1" 200 2776
::1 - - [18/Jun/2024:12:00:10 +0300] "GET /home/hmw1 HTTP/1.1" 200 5900
::1 - - [18/Jun/2024:12:00:10 +0300] "GET /css/site.css HTTP/1.1" 200 2776
::1 - - [18/Jun/2024:12:00:10 +0300] "GET /css/base.css HTTP/1.1" 200 1709
::1 - - [18/Jun/2024:12:00:10 +0300] "GET /styleCSS/styles.css HTTP/1.1" 200 3
::1 - - [18/Jun/2024:12:00:10 +0300] "GET /img/php.png HTTP/1.1" 200 3
::1 - - [18/Jun/2024:12:00:10 +0300] "GET /js/site.js HTTP/1.1" 200 3
::1 - - [18/Jun/2024:12:00:10 +0300] "GET /favicon.ico HTTP/1.1" 200 3
::1 - - [18/Jun/2024:12:00:26 +0300] "GET /feeds/feed HTTP/1.1" 200 3
::1 - - [18/Jun/2024:12:00:26 +0300] "GET /favicon.ico HTTP/1.1" 200 3
::1 - - [18/Jun/2024:12:00:46 +0300] "GET /views/feeds/feed HTTP/1.1" 200 3
::1 - - [18/Jun/2024:12:00:46 +0300] "GET /favicon.ico HTTP/1.1" 200 3
::1 - - [18/Jun/2024:12:03:03 +0300] "GET /views/feeds/feed HTTP/1.1" 200 10
::1 - - [18/Jun/2024:12:03:03 +0300] "GET /favicon.ico HTTP/1.1" 200 10
