::1 - - [01/Jun/2024:11:29:03 +0300] "GET / HTTP/1.1" 200 261
::1 - - [01/Jun/2024:11:29:03 +0300] "GET /favicon.ico HTTP/1.1" 404 297
::1 - - [01/Jun/2024:11:44:50 +0300] "GET / HTTP/1.1" 200 1674
::1 - - [01/Jun/2024:11:49:50 +0300] "-" 408 -
::1 - - [01/Jun/2024:12:08:28 +0300] "GET / HTTP/1.1" 200 1674
::1 - - [01/Jun/2024:12:08:31 +0300] "GET / HTTP/1.1" 200 1674
::1 - - [01/Jun/2024:12:08:38 +0300] "GET / HTTP/1.1" 200 311
::1 - - [01/Jun/2024:12:08:39 +0300] "GET /intro.php HTTP/1.1" 200 1674
::1 - - [01/Jun/2024:12:22:52 +0300] "GET /intro.php HTTP/1.1" 200 1674
::1 - - [01/Jun/2024:12:22:56 +0300] "GET /intro.php HTTP/1.1" 200 1674
::1 - - [01/Jun/2024:12:23:36 +0300] "GET / HTTP/1.1" 200 370
::1 - - [01/Jun/2024:12:23:37 +0300] "GET /basics.php HTTP/1.1" 200 1300
::1 - - [01/Jun/2024:12:29:50 +0300] "GET /basics.php HTTP/1.1" 200 1708
::1 - - [01/Jun/2024:12:31:05 +0300] "GET /basics.php HTTP/1.1" 200 1761
::1 - - [01/Jun/2024:12:46:40 +0300] "GET /basics.php HTTP/1.1" 200 2558
::1 - - [01/Jun/2024:12:50:55 +0300] "GET /basics.php HTTP/1.1" 200 115
::1 - - [01/Jun/2024:12:50:57 +0300] "GET /basics.php HTTP/1.1" 200 115
::1 - - [01/Jun/2024:12:50:58 +0300] "GET /basics.php HTTP/1.1" 200 115
::1 - - [01/Jun/2024:12:52:30 +0300] "GET / HTTP/1.1" 200 370
::1 - - [01/Jun/2024:12:52:33 +0300] "GET /basics.php HTTP/1.1" 200 115
::1 - - [01/Jun/2024:12:52:53 +0300] "GET /basics.php HTTP/1.1" 200 2650
::1 - - [01/Jun/2024:12:53:02 +0300] "GET /basics.php HTTP/1.1" 200 115
::1 - - [01/Jun/2024:12:55:15 +0300] "GET /basics.php HTTP/1.1" 200 2666
::1 - - [01/Jun/2024:12:58:11 +0300] "GET /basics.php HTTP/1.1" 200 3090
::1 - - [01/Jun/2024:12:58:54 +0300] "GET /basics.php HTTP/1.1" 200 3316
::1 - - [07/Jun/2024:17:31:47 +0300] "GET / HTTP/1.1" 200 370
::1 - - [07/Jun/2024:17:31:47 +0300] "GET /favicon.ico HTTP/1.1" 404 297
::1 - - [07/Jun/2024:17:34:50 +0300] "GET /basics.php HTTP/1.1" 200 3316
::1 - - [07/Jun/2024:17:39:50 +0300] "-" 408 -
::1 - - [07/Jun/2024:18:29:20 +0300] "GET /basics.php HTTP/1.1" 200 3316
::1 - - [07/Jun/2024:18:29:24 +0300] "GET / HTTP/1.1" 200 370
::1 - - [07/Jun/2024:18:29:35 +0300] "GET / HTTP/1.1" 200 451
::1 - - [07/Jun/2024:18:29:52 +0300] "GET / HTTP/1.1" 200 444
::1 - - [07/Jun/2024:18:29:53 +0300] "GET /hmw1.php HTTP/1.1" 404 297
::1 - - [07/Jun/2024:18:32:38 +0300] "GET /hmw1.php HTTP/1.1" 404 297
::1 - - [07/Jun/2024:18:32:40 +0300] "GET /hmw1.php HTTP/1.1" 404 297
::1 - - [07/Jun/2024:18:34:03 +0300] "GET /hmw1.php HTTP/1.1" 404 297
::1 - - [07/Jun/2024:18:34:04 +0300] "GET /hmw1.php HTTP/1.1" 404 297
::1 - - [07/Jun/2024:18:34:05 +0300] "GET /hmw1.php HTTP/1.1" 404 297
::1 - - [07/Jun/2024:18:34:05 +0300] "GET /hmw1.php HTTP/1.1" 404 297
::1 - - [07/Jun/2024:18:34:07 +0300] "GET /hmw1.php HTTP/1.1" 404 297
::1 - - [07/Jun/2024:18:34:07 +0300] "GET /hmw1.php HTTP/1.1" 404 297
::1 - - [07/Jun/2024:18:34:07 +0300] "GET /hmw1.php HTTP/1.1" 404 297
::1 - - [07/Jun/2024:18:34:07 +0300] "GET /hmw1.php HTTP/1.1" 404 297
::1 - - [07/Jun/2024:18:34:09 +0300] "GET /hmw1.php HTTP/1.1" 404 297
::1 - - [07/Jun/2024:18:34:10 +0300] "GET /hmw1.php HTTP/1.1" 404 297
::1 - - [07/Jun/2024:18:35:36 +0300] "GET /hmw1.php HTTP/1.1" 404 297
::1 - - [07/Jun/2024:18:35:38 +0300] "GET / HTTP/1.1" 200 444
::1 - - [07/Jun/2024:18:35:40 +0300] "GET /hmw1.php HTTP/1.1" 404 297
::1 - - [07/Jun/2024:18:37:34 +0300] "GET /hmw1.php HTTP/1.1" 404 297
::1 - - [07/Jun/2024:18:38:50 +0300] "GET /intro.php HTTP/1.1" 200 1674
::1 - - [07/Jun/2024:18:38:53 +0300] "GET /basics.php HTTP/1.1" 200 3316
::1 - - [07/Jun/2024:18:38:56 +0300] "GET /hmw1.php HTTP/1.1" 404 297
::1 - - [07/Jun/2024:18:56:43 +0300] "GET /hmw1.php HTTP/1.1" 404 297
::1 - - [07/Jun/2024:18:56:44 +0300] "GET /hmw1.php HTTP/1.1" 404 297
::1 - - [07/Jun/2024:18:56:45 +0300] "GET /hmw1.php HTTP/1.1" 404 297
::1 - - [07/Jun/2024:18:56:45 +0300] "GET /hmw1.php HTTP/1.1" 404 297
::1 - - [07/Jun/2024:18:56:45 +0300] "GET /hmw1.php HTTP/1.1" 404 297
::1 - - [07/Jun/2024:18:56:49 +0300] "GET /hmw1.php HTTP/1.1" 404 297
::1 - - [07/Jun/2024:18:57:11 +0300] "GET /hmw1.php HTTP/1.1" 404 297
::1 - - [07/Jun/2024:18:57:13 +0300] "GET /hmw1.php HTTP/1.1" 404 297
::1 - - [07/Jun/2024:18:57:15 +0300] "GET /basics.php HTTP/1.1" 200 3316
::1 - - [07/Jun/2024:18:57:16 +0300] "GET /intro.php HTTP/1.1" 200 1674
::1 - - [07/Jun/2024:18:57:18 +0300] "GET /hmw1.php HTTP/1.1" 404 297
::1 - - [07/Jun/2024:18:58:31 +0300] "GET /hmw1.php HTTP/1.1" 404 297
::1 - - [07/Jun/2024:18:58:34 +0300] "GET /hmw1.php HTTP/1.1" 404 297
::1 - - [07/Jun/2024:18:58:34 +0300] "GET /hmw1.php HTTP/1.1" 404 297
::1 - - [07/Jun/2024:18:58:59 +0300] "GET /hmw1.php HTTP/1.1" 404 297
::1 - - [07/Jun/2024:18:59:00 +0300] "GET /hmw1.php HTTP/1.1" 404 297
::1 - - [07/Jun/2024:18:59:01 +0300] "GET /hmw1.php HTTP/1.1" 404 297
::1 - - [07/Jun/2024:18:59:03 +0300] "GET /basics.php HTTP/1.1" 200 3316
